
**** Build of configuration Debug for project ECW_TI_image ****

"c:\\ti\\ccsv6\\utils\\bin\\gmake" -k all 
'Building file: ../lib.c'
'Invoking: MSP430 Compiler'
"c:/ti/ccsv6/tools/compiler/msp430_4.3.3/bin/cl430" -vmspx --abi=eabi --data_model=restricted -O3 --include_path="c:/ti/ccsv6/ccs_base/msp430/include" --include_path="c:/ti/ccsv6/tools/compiler/msp430_4.3.3/include" --include_path="E:/Codes/CCS/workspace_v6_0/ECW_TI_image/driverlib/MSP430F5xx_6xx" --include_path="E:/Codes/CCS/workspace_v6_0/ECW_TI_image" --include_path="E:/Codes/CCS/workspace_v6_0/ECW_TI_image/grlib" --include_path="E:/Codes/CCS/workspace_v6_0/ECW_TI_image/fonts" --advice:power="none" -g --define=__MSP430F5529__ --diag_warning=225 --display_error_number --diag_wrap=off --silicon_errata=CPU21 --silicon_errata=CPU22 --silicon_errata=CPU23 --silicon_errata=CPU40 --large_memory_model --printf_support=minimal --preproc_with_compile --preproc_dependency="lib.pp"  "../lib.c"
"../lib.c", line 21: warning #48-D: incompatible redefinition of macro "N" (declared at line 132 of "E:\Codes\CCS\workspace_v6_0\ECW_TI_image\driverlib\MSP430F5xx_6xx\inc\../deprecated/CCS/msp430f5xx_6xxgeneric.h")
"../lib.c", line 87: warning #225-D: function "_delay_ms" declared implicitly
"../lib.c", line 97: warning #225-D: function "_delay_ms" declared implicitly
"../lib.c", line 268: warning #161-D: declaration is incompatible with previous "_delay_ms" (declared at line 87)
'Finished building: ../lib.c'
' '
'Building file: ../main.c'
'Invoking: MSP430 Compiler'
"c:/ti/ccsv6/tools/compiler/msp430_4.3.3/bin/cl430" -vmspx --abi=eabi --data_model=restricted -O3 --include_path="c:/ti/ccsv6/ccs_base/msp430/include" --include_path="c:/ti/ccsv6/tools/compiler/msp430_4.3.3/include" --include_path="E:/Codes/CCS/workspace_v6_0/ECW_TI_image/driverlib/MSP430F5xx_6xx" --include_path="E:/Codes/CCS/workspace_v6_0/ECW_TI_image" --include_path="E:/Codes/CCS/workspace_v6_0/ECW_TI_image/grlib" --include_path="E:/Codes/CCS/workspace_v6_0/ECW_TI_image/fonts" --advice:power="none" -g --define=__MSP430F5529__ --diag_warning=225 --display_error_number --diag_wrap=off --silicon_errata=CPU21 --silicon_errata=CPU22 --silicon_errata=CPU23 --silicon_errata=CPU40 --large_memory_model --printf_support=minimal --preproc_with_compile --preproc_dependency="main.pp"  "../main.c"
"..\lib.c", line 21: warning #48-D: incompatible redefinition of macro "N" (declared at line 132 of "E:\Codes\CCS\workspace_v6_0\ECW_TI_image\driverlib\MSP430F5xx_6xx\inc\../deprecated/CCS/msp430f5xx_6xxgeneric.h")
"..\lib.c", line 87: warning #225-D: function "_delay_ms" declared implicitly
"..\lib.c", line 97: warning #225-D: function "_delay_ms" declared implicitly
"..\lib.c", line 268: warning #161-D: declaration is incompatible with previous "_delay_ms" (declared at line 87)
'Finished building: ../main.c'
' '
'Building target: ECW_TI_image.out'
'Invoking: MSP430 Linker'
"c:/ti/ccsv6/tools/compiler/msp430_4.3.3/bin/cl430" -vmspx --abi=eabi --data_model=restricted -O3 --advice:power="none" -g --define=__MSP430F5529__ --diag_warning=225 --display_error_number --diag_wrap=off --silicon_errata=CPU21 --silicon_errata=CPU22 --silicon_errata=CPU23 --silicon_errata=CPU40 --large_memory_model --printf_support=minimal -z -m"ECW_TI_image.map" --heap_size=160 --stack_size=160 --use_hw_mpy=F5 --cinit_hold_wdt=on -i"c:/ti/ccsv6/ccs_base/msp430/include" -i"c:/ti/ccsv6/tools/compiler/msp430_4.3.3/lib" -i"c:/ti/ccsv6/tools/compiler/msp430_4.3.3/include" -i"c:/ti/ccsv6/ccs_base/msp430/lib/5xx_6xx_FRxx" --reread_libs --warn_sections --display_error_number --diag_wrap=off --xml_link_info="ECW_TI_image_linkInfo.xml" --rom_model -o "ECW_TI_image.out"  "./HAL_Board.obj" "./HAL_Buttons.obj" "./HAL_Dogs102x6.obj" "./HAL_Wheel.obj" "./lib.obj" "./main.obj" "./grlib/circle.obj" "./grlib/context.obj" "./grlib/image.obj" "./grlib/line.obj" "./grlib/rectangle.obj" "./grlib/string.obj" "./fonts/fontfixed6x8.obj" "./driverlib/MSP430F5xx_6xx/adc10_a.obj" "./driverlib/MSP430F5xx_6xx/adc12_a.obj" "./driverlib/MSP430F5xx_6xx/aes.obj" "./driverlib/MSP430F5xx_6xx/bak_batt.obj" "./driverlib/MSP430F5xx_6xx/comp_b.obj" "./driverlib/MSP430F5xx_6xx/crc.obj" "./driverlib/MSP430F5xx_6xx/dac12_a.obj" "./driverlib/MSP430F5xx_6xx/dma.obj" "./driverlib/MSP430F5xx_6xx/eusci_a_spi.obj" "./driverlib/MSP430F5xx_6xx/eusci_a_uart.obj" "./driverlib/MSP430F5xx_6xx/eusci_b_i2c.obj" "./driverlib/MSP430F5xx_6xx/eusci_b_spi.obj" "./driverlib/MSP430F5xx_6xx/eusci_i2c.obj" "./driverlib/MSP430F5xx_6xx/eusci_spi.obj" "./driverlib/MSP430F5xx_6xx/eusci_uart.obj" "./driverlib/MSP430F5xx_6xx/flash.obj" "./driverlib/MSP430F5xx_6xx/gpio.obj" "./driverlib/MSP430F5xx_6xx/ldopwr.obj" "./driverlib/MSP430F5xx_6xx/mpy32.obj" "./driverlib/MSP430F5xx_6xx/pmap.obj" "./driverlib/MSP430F5xx_6xx/pmm.obj" "./driverlib/MSP430F5xx_6xx/ram.obj" "./driverlib/MSP430F5xx_6xx/ref.obj" "./driverlib/MSP430F5xx_6xx/rtc_a.obj" "./driverlib/MSP430F5xx_6xx/rtc_b.obj" "./driverlib/MSP430F5xx_6xx/rtc_c.obj" "./driverlib/MSP430F5xx_6xx/sd24_b.obj" "./driverlib/MSP430F5xx_6xx/sfr.obj" "./driverlib/MSP430F5xx_6xx/sys.obj" "./driverlib/MSP430F5xx_6xx/tec.obj" "./driverlib/MSP430F5xx_6xx/timer_a.obj" "./driverlib/MSP430F5xx_6xx/timer_b.obj" "./driverlib/MSP430F5xx_6xx/timer_d.obj" "./driverlib/MSP430F5xx_6xx/tlv.obj" "./driverlib/MSP430F5xx_6xx/ucs.obj" "./driverlib/MSP430F5xx_6xx/usci_a_spi.obj" "./driverlib/MSP430F5xx_6xx/usci_a_uart.obj" "./driverlib/MSP430F5xx_6xx/usci_b_i2c.obj" "./driverlib/MSP430F5xx_6xx/usci_b_spi.obj" "./driverlib/MSP430F5xx_6xx/usci_i2c.obj" "./driverlib/MSP430F5xx_6xx/usci_spi.obj" "./driverlib/MSP430F5xx_6xx/usci_uart.obj" "./driverlib/MSP430F5xx_6xx/wdt_a.obj" "./driverlib/MSP430F5xx_6xx/deprecated/dma.obj" "./driverlib/MSP430F5xx_6xx/deprecated/flash.obj" "./driverlib/MSP430F5xx_6xx/deprecated/mpy32.obj" "./driverlib/MSP430F5xx_6xx/deprecated/pmm.obj" "./driverlib/MSP430F5xx_6xx/deprecated/ram.obj" "./driverlib/MSP430F5xx_6xx/deprecated/sfr.obj" "./driverlib/MSP430F5xx_6xx/deprecated/sys.obj" "./driverlib/MSP430F5xx_6xx/deprecated/ucs.obj" "./LcdDriver/Dogs102x64_UC1701.obj" "./Images/TI_Logo_69x64.obj" "../lnk_msp430f5529.cmd" -l"libc.a" -l"libmath.a" 
<Linking>
error #10056: symbol "check_fourier_offset" redefined: first defined in "./lib.obj"; redefined in "./main.obj"
error #10056: symbol "view_counter" redefined: first defined in "./lib.obj"; redefined in "./main.obj"
error #10056: symbol "bot_backward" redefined: first defined in "./lib.obj"; redefined in "./main.obj"
error #10056: symbol "temp" redefined: first defined in "./lib.obj"; redefined in "./main.obj"
error #10056: symbol "set_up" redefined: first defined in "./lib.obj"; redefined in "./main.obj"
error #10056: symbol "trough" redefined: first defined in "./lib.obj"; redefined in "./main.obj"
error #10056: symbol "big_blink" redefined: first defined in "./lib.obj"; redefined in "./main.obj"
error #10056: symbol "dcval" redefined: first defined in "./lib.obj"; redefined in "./main.obj"
error #10056: symbol "steady_trough" redefined: first defined in "./lib.obj"; redefined in "./main.obj"
error #10056: symbol "highlight_and_print_string" redefined: first defined in "./lib.obj"; redefined in "./main.obj"
error #10056: symbol "check_blink" redefined: first defined in "./lib.obj"; redefined in "./main.obj"
error #10056: symbol "print_int" redefined: first defined in "./lib.obj"; redefined in "./main.obj"
error #10056: symbol "dft" redefined: first defined in "./lib.obj"; redefined in "./main.obj"
error #10056: symbol "calibrated_F" redefined: first defined in "./lib.obj"; redefined in "./main.obj"
error #10056: symbol "calibrated_steady" redefined: first defined in "./lib.obj"; redefined in "./main.obj"
error #10056: symbol "ON" redefined: first defined in "./lib.obj"; redefined in "./main.obj"
error #10056: symbol "i" redefined: first defined in "./lib.obj"; redefined in "./main.obj"
error #10056: symbol "eeprom_write_bytes" redefined: first defined in "./lib.obj"; redefined in "./main.obj"
error #10056: symbol "AdcThreshold" redefined: first defined in "./lib.obj"; redefined in "./main.obj"
error #10056: symbol "eye_control" redefined: first defined in "./lib.obj"; redefined in "./main.obj"
error #10056: symbol "bot_StartStop" redefined: first defined in "./lib.obj"; redefined in "./main.obj"
error #10056: symbol "bot_right" redefined: first defined in "./lib.obj"; redefined in "./main.obj"
error #10056: symbol "eeprom_read_byte" redefined: first defined in "./lib.obj"; redefined in "./main.obj"
error #10056: symbol "bot_forward" redefined: first defined in "./lib.obj"; redefined in "./main.obj"
error #10056: symbol "_delay_ms" redefined: first defined in "./lib.obj"; redefined in "./main.obj"
error #10056: symbol "crest" redefined: first defined in "./lib.obj"; redefined in "./main.obj"
error #10056: symbol "temp_BigB" redefined: first defined in "./lib.obj"; redefined in "./main.obj"
error #10056: symbol "print_string" redefined: first defined in "./lib.obj"; redefined in "./main.obj"
error #10056: symbol "bot_stop" redefined: first defined in "./lib.obj"; redefined in "./main.obj"
error #10056: symbol "adc_init" redefined: first defined in "./lib.obj"; redefined in "./main.obj"
error #10056: symbol "small_blink" redefined: first defined in "./lib.obj"; redefined in "./main.obj"
error #10056: symbol "_delay_s" redefined: first defined in "./lib.obj"; redefined in "./main.obj"
error #10056: symbol "Dogs_lcd_init" redefined: first defined in "./lib.obj"; redefined in "./main.obj"
error #10056: symbol "bot_left" redefined: first defined in "./lib.obj"; redefined in "./main.obj"
error #10056: symbol "fourier_offset" redefined: first defined in "./lib.obj"; redefined in "./main.obj"
error #10056: symbol "counter_BigB" redefined: first defined in "./lib.obj"; redefined in "./main.obj"
error #10056: symbol "calibrated_adc" redefined: first defined in "./lib.obj"; redefined in "./main.obj"
error #10056: symbol "max_input" redefined: first defined in "./lib.obj"; redefined in "./main.obj"
error #10056: symbol "max_slope" redefined: first defined in "./lib.obj"; redefined in "./main.obj"
error #10056: symbol "lcd_init" redefined: first defined in "./lib.obj"; redefined in "./main.obj"
error #10056: symbol "plot" redefined: first defined in "./lib.obj"; redefined in "./main.obj"
error #10056: symbol "Dogs_print_int" redefined: first defined in "./lib.obj"; redefined in "./main.obj"
error #10056: symbol "tempF" redefined: first defined in "./lib.obj"; redefined in "./main.obj"
error #10056: symbol "switch_init" redefined: first defined in "./lib.obj"; redefined in "./main.obj"
error #10056: symbol "adc_read" redefined: first defined in "./lib.obj"; redefined in "./main.obj"

error #10056: symbol "_delay_us" redefined: first defined in "./lib.obj"; redefined in "./main.obj"
>> Compilation failure
error #10056: symbol "steady_crest" redefined: first defined in "./lib.obj"; redefined in "./main.obj"
error #10269: output file "ECW_TI_image.out" exceeds code size limit
error #10010: errors encountered during linking; "ECW_TI_image.out" not built
gmake: *** [ECW_TI_image.out] Error 1
gmake: Target `all' not remade because of errors.

**** Build Finished ****
