
**** Build of configuration Debug for project ECW_TI ****

"c:\\ti\\ccsv6\\utils\\bin\\gmake" -k all 
'Building file: ../main.c'
'Invoking: MSP430 Compiler'
"c:/ti/ccsv6/tools/compiler/msp430_4.3.3/bin/cl430" -vmspx --abi=eabi --data_model=restricted -O3 --include_path="c:/ti/ccsv6/ccs_base/msp430/include" --include_path="c:/ti/ccsv6/tools/compiler/msp430_4.3.3/include" --include_path="E:/Codes/CCS/workspace_v6_0/ECW_TI/driverlib/MSP430F5xx_6xx" --include_path="E:/Codes/CCS/workspace_v6_0/ECW_TI" --include_path="E:/Codes/CCS/workspace_v6_0/ECW_TI/grlib" --include_path="E:/Codes/CCS/workspace_v6_0/ECW_TI/fonts" --advice:power="none" -g --define=__MSP430F5529__ --diag_warning=225 --display_error_number --diag_wrap=off --silicon_errata=CPU21 --silicon_errata=CPU22 --silicon_errata=CPU23 --silicon_errata=CPU40 --large_memory_model --printf_support=minimal --preproc_with_compile --preproc_dependency="main.pp"  "../main.c"
"../main.c", line 15: warning #48-D: incompatible redefinition of macro "N" (declared at line 132 of "E:\Codes\CCS\workspace_v6_0\ECW_TI\driverlib\MSP430F5xx_6xx\inc\../deprecated/CCS/msp430f5xx_6xxgeneric.h")
"../main.c", line 206: warning #225-D: function "print_string" declared implicitly
"../main.c", line 234: warning #225-D: function "print_string" declared implicitly
"../main.c", line 235: warning #225-D: function "bot_stop" declared implicitly
"../main.c", line 242: warning #225-D: function "print_string" declared implicitly
"../main.c", line 244: warning #225-D: function "bot_forward" declared implicitly
"../main.c", line 256: warning #225-D: function "adc_start" declared implicitly
"../main.c", line 319: warning #161-D: declaration is incompatible with previous "print_string" (declared at line 206)
'Finished building: ../main.c'
' '
'Building target: ECW_TI.out'
'Invoking: MSP430 Linker'
"c:/ti/ccsv6/tools/compiler/msp430_4.3.3/bin/cl430" -vmspx --abi=eabi --data_model=restricted --advice:power=all -g --define=__MSP430F5529__ --diag_warning=225 --display_error_number --diag_wrap=off --silicon_errata=CPU21 --silicon_errata=CPU22 --silicon_errata=CPU23 --silicon_errata=CPU40 --printf_support=minimal -z -m"ECW_TI.map" --heap_size=160 --stack_size=160 --use_hw_mpy=F5 --cinit_hold_wdt=on -i"c:/ti/ccsv6/ccs_base/msp430/include" -i"c:/ti/ccsv6/tools/compiler/msp430_4.3.3/lib" -i"c:/ti/ccsv6/tools/compiler/msp430_4.3.3/include" -i"c:/ti/ccsv6/ccs_base/msp430/lib/5xx_6xx_FRxx" --reread_libs --warn_sections --display_error_number --diag_wrap=off --xml_link_info="ECW_TI_linkInfo.xml" --rom_model -o "ECW_TI.out"  "./HAL_Board.obj" "./HAL_Buttons.obj" "./HAL_Dogs102x6.obj" "./HAL_Wheel.obj" "./main.obj" "./grlib/circle.obj" "./grlib/context.obj" "./grlib/image.obj" "./grlib/line.obj" "./grlib/rectangle.obj" "./grlib/string.obj" "./fonts/fontfixed6x8.obj" "./driverlib/MSP430F5xx_6xx/adc10_a.obj" "./driverlib/MSP430F5xx_6xx/adc12_a.obj" "./driverlib/MSP430F5xx_6xx/aes.obj" "./driverlib/MSP430F5xx_6xx/bak_batt.obj" "./driverlib/MSP430F5xx_6xx/comp_b.obj" "./driverlib/MSP430F5xx_6xx/crc.obj" "./driverlib/MSP430F5xx_6xx/dac12_a.obj" "./driverlib/MSP430F5xx_6xx/dma.obj" "./driverlib/MSP430F5xx_6xx/eusci_a_spi.obj" "./driverlib/MSP430F5xx_6xx/eusci_a_uart.obj" "./driverlib/MSP430F5xx_6xx/eusci_b_i2c.obj" "./driverlib/MSP430F5xx_6xx/eusci_b_spi.obj" "./driverlib/MSP430F5xx_6xx/eusci_i2c.obj" "./driverlib/MSP430F5xx_6xx/eusci_spi.obj" "./driverlib/MSP430F5xx_6xx/eusci_uart.obj" "./driverlib/MSP430F5xx_6xx/flash.obj" "./driverlib/MSP430F5xx_6xx/gpio.obj" "./driverlib/MSP430F5xx_6xx/ldopwr.obj" "./driverlib/MSP430F5xx_6xx/mpy32.obj" "./driverlib/MSP430F5xx_6xx/pmap.obj" "./driverlib/MSP430F5xx_6xx/pmm.obj" "./driverlib/MSP430F5xx_6xx/ram.obj" "./driverlib/MSP430F5xx_6xx/ref.obj" "./driverlib/MSP430F5xx_6xx/rtc_a.obj" "./driverlib/MSP430F5xx_6xx/rtc_b.obj" "./driverlib/MSP430F5xx_6xx/rtc_c.obj" "./driverlib/MSP430F5xx_6xx/sd24_b.obj" "./driverlib/MSP430F5xx_6xx/sfr.obj" "./driverlib/MSP430F5xx_6xx/sys.obj" "./driverlib/MSP430F5xx_6xx/tec.obj" "./driverlib/MSP430F5xx_6xx/timer_a.obj" "./driverlib/MSP430F5xx_6xx/timer_b.obj" "./driverlib/MSP430F5xx_6xx/timer_d.obj" "./driverlib/MSP430F5xx_6xx/tlv.obj" "./driverlib/MSP430F5xx_6xx/ucs.obj" "./driverlib/MSP430F5xx_6xx/usci_a_spi.obj" "./driverlib/MSP430F5xx_6xx/usci_a_uart.obj" "./driverlib/MSP430F5xx_6xx/usci_b_i2c.obj" "./driverlib/MSP430F5xx_6xx/usci_b_spi.obj" "./driverlib/MSP430F5xx_6xx/usci_i2c.obj" "./driverlib/MSP430F5xx_6xx/usci_spi.obj" "./driverlib/MSP430F5xx_6xx/usci_uart.obj" "./driverlib/MSP430F5xx_6xx/wdt_a.obj" "./driverlib/MSP430F5xx_6xx/deprecated/dma.obj" "./driverlib/MSP430F5xx_6xx/deprecated/flash.obj" "./driverlib/MSP430F5xx_6xx/deprecated/mpy32.obj" "./driverlib/MSP430F5xx_6xx/deprecated/pmm.obj" "./driverlib/MSP430F5xx_6xx/deprecated/ram.obj" "./driverlib/MSP430F5xx_6xx/deprecated/sfr.obj" "./driverlib/MSP430F5xx_6xx/deprecated/sys.obj" "./driverlib/MSP430F5xx_6xx/deprecated/ucs.obj" "./LcdDriver/Dogs102x64_UC1701.obj" "./Images/LPRocket_96x37.obj" "./Images/TI_Logo_69x64.obj" "../lnk_msp430f5529.cmd" -l"libc.a" -l"libmath.a" 
<Linking>
'Finished building target: ECW_TI.out'
' '

**** Build Finished ****
